[0.023s] Invoking command in '/home/julien/Documents/Intech/Monthl√©ry/ros_workspace/build/monthlery': CMAKE_PREFIX_PATH=${CMAKE_PREFIX_PATH}:/opt/ros/foxy /usr/bin/cmake --build /home/julien/Documents/Intech/Monthl√©ry/ros_workspace/build/monthlery -- -j12 -l12
[0.069s] [35m[1mScanning dependencies of target monthlery[0m
[0.079s] [ 33%] [32mBuilding CXX object CMakeFiles/monthlery.dir/src/monthlery.cpp.o[0m
[0.272s] [01m[K/home/julien/Documents/Intech/Monthl√©ry/ros_workspace/monthlery/src/monthlery.cpp:[m[K In function ‚Äò[01m[Kint main()[m[K‚Äô:
[0.272s] [01m[K/home/julien/Documents/Intech/Monthl√©ry/ros_workspace/monthlery/src/monthlery.cpp:38:29:[m[K [01;31m[Kerror: [m[Ktoo many arguments to function ‚Äò[01m[Kvoid callShell()[m[K‚Äô
[0.272s]    38 |     callShell("translate", 0[01;31m[K)[m[K;
[0.272s]       |                             [01;31m[K^[m[K
[0.272s] [01m[K/home/julien/Documents/Intech/Monthl√©ry/ros_workspace/monthlery/src/monthlery.cpp:26:6:[m[K [01;36m[Knote: [m[Kdeclared here
[0.273s]    26 | void [01;36m[KcallShell[m[K(/* string order, int ticks */)
[0.273s]       |      [01;36m[K^~~~~~~~~[m[K
[0.314s] make[2]: *** [CMakeFiles/monthlery.dir/build.make:63 : CMakeFiles/monthlery.dir/src/monthlery.cpp.o] Erreur 1
[0.314s] make[1]: *** [CMakeFiles/Makefile2:78 : CMakeFiles/monthlery.dir/all] Erreur 2
[0.315s] make: *** [Makefile:141 : all] Erreur 2
[0.317s] Invoked command in '/home/julien/Documents/Intech/Monthl√©ry/ros_workspace/build/monthlery' returned '2': CMAKE_PREFIX_PATH=${CMAKE_PREFIX_PATH}:/opt/ros/foxy /usr/bin/cmake --build /home/julien/Documents/Intech/Monthl√©ry/ros_workspace/build/monthlery -- -j12 -l12
