[35m[1mScanning dependencies of target monthlery[0m
[ 33%] [32mBuilding CXX object CMakeFiles/monthlery.dir/src/monthlery.cpp.o[0m
[01m[K/home/julien/Documents/Intech/MonthlÃ©ry/ros_workspace/monthlery/src/monthlery.cpp:[m[K In function â€˜[01m[Kint main()[m[Kâ€™:
[01m[K/home/julien/Documents/Intech/MonthlÃ©ry/ros_workspace/monthlery/src/monthlery.cpp:27:19:[m[K [01;31m[Kerror: [m[Kâ€˜[01m[KSerialPort[m[Kâ€™ was not declared in this scope; did you mean â€˜[01m[Kscom::SerialPort[m[Kâ€™?
   27 |     auto serial = [01;31m[KSerialPort[m[K("/dev/acm0");
      |                   [01;31m[K^~~~~~~~~~[m[K
      |                   [32m[Kscom::SerialPort[m[K
In file included from [01m[K/home/julien/Documents/Intech/MonthlÃ©ry/ros_workspace/monthlery/src/monthlery.cpp:2[m[K:
[01m[K/home/julien/Documents/Intech/MonthlÃ©ry/ros_workspace/monthlery/src/serial/SerialPort.hpp:38:11:[m[K [01;36m[Knote: [m[Kâ€˜[01m[Kscom::SerialPort[m[Kâ€™ declared here
   38 |     class [01;36m[KSerialPort[m[K {
      |           [01;36m[K^~~~~~~~~~[m[K
make[2]: *** [CMakeFiles/monthlery.dir/build.make:63 : CMakeFiles/monthlery.dir/src/monthlery.cpp.o] Erreur 1
make[1]: *** [CMakeFiles/Makefile2:78 : CMakeFiles/monthlery.dir/all] Erreur 2
make: *** [Makefile:141 : all] Erreur 2
